Release 13.2 - xst O.61xd (nt64)
Copyright (c) 1995-2011 Xilinx, Inc.  All rights reserved.
--> Parameter TMPDIR set to xst/projnav.tmp


Total REAL time to Xst completion: 0.00 secs
Total CPU time to Xst completion: 0.10 secs
 
--> Parameter xsthdpdir set to xst


Total REAL time to Xst completion: 0.00 secs
Total CPU time to Xst completion: 0.10 secs
 
--> Reading design: addsub32.prj

TABLE OF CONTENTS
  1) Synthesis Options Summary
  2) HDL Compilation
  3) Design Hierarchy Analysis
  4) HDL Analysis
  5) HDL Synthesis
     5.1) HDL Synthesis Report
  6) Advanced HDL Synthesis
     6.1) Advanced HDL Synthesis Report
  7) Low Level Synthesis
  8) Partition Report
  9) Final Report
	9.1) Device utilization summary
	9.2) Partition Resource Summary
	9.3) TIMING REPORT


=========================================================================
*                      Synthesis Options Summary                        *
=========================================================================
---- Source Parameters
Input File Name                    : "addsub32.prj"
Input Format                       : mixed
Ignore Synthesis Constraint File   : NO

---- Target Parameters
Output File Name                   : "addsub32"
Output Format                      : NGC
Target Device                      : xc3s400a-4-ft256

---- Source Options
Top Module Name                    : addsub32
Automatic FSM Extraction           : YES
FSM Encoding Algorithm             : Auto
Safe Implementation                : No
FSM Style                          : LUT
RAM Extraction                     : Yes
RAM Style                          : Auto
ROM Extraction                     : Yes
Mux Style                          : Auto
Decoder Extraction                 : YES
Priority Encoder Extraction        : Yes
Shift Register Extraction          : YES
Logical Shifter Extraction         : YES
XOR Collapsing                     : YES
ROM Style                          : Auto
Mux Extraction                     : Yes
Resource Sharing                   : YES
Asynchronous To Synchronous        : NO
Multiplier Style                   : Auto
Automatic Register Balancing       : No

---- Target Options
Add IO Buffers                     : YES
Global Maximum Fanout              : 500
Add Generic Clock Buffer(BUFG)     : 24
Register Duplication               : YES
Slice Packing                      : YES
Optimize Instantiated Primitives   : NO
Use Clock Enable                   : Yes
Use Synchronous Set                : Yes
Use Synchronous Reset              : Yes
Pack IO Registers into IOBs        : Auto
Equivalent register Removal        : YES

---- General Options
Optimization Goal                  : Speed
Optimization Effort                : 1
Keep Hierarchy                     : No
Netlist Hierarchy                  : As_Optimized
RTL Output                         : Yes
Global Optimization                : AllClockNets
Read Cores                         : YES
Write Timing Constraints           : NO
Cross Clock Analysis               : NO
Hierarchy Separator                : _
Bus Delimiter                      : <>
Case Specifier                     : Maintain
Slice Utilization Ratio            : 100
BRAM Utilization Ratio             : 100
Verilog 2001                       : YES
Auto BRAM Packing                  : NO
Slice Utilization Ratio Delta      : 5

---- Other Options
loop_iteration_limit               : 2048

=========================================================================


=========================================================================
*                          HDL Compilation                              *
=========================================================================
Compiling vhdl file "C:/Users/Hunar Khanna/Desktop/CG3207/VHDL/lab2/cg3207-project/adder32.vhd" in Library work.
Architecture behavioral of Entity adder32 is up to date.
Compiling vhdl file "C:/Users/Hunar Khanna/Desktop/CG3207/VHDL/lab2/cg3207-project/addsub32.vhd" in Library work.
Architecture behavioral of Entity addsub32 is up to date.

=========================================================================
*                     Design Hierarchy Analysis                         *
=========================================================================
Analyzing hierarchy for entity <addsub32> in library <work> (architecture <behavioral>).

Analyzing hierarchy for entity <adder32> in library <work> (architecture <behavioral>).

INFO:Xst:2555 - '-hierarchy_separator' switch is being deprecated in a future release.

=========================================================================
*                            HDL Analysis                               *
=========================================================================
Analyzing Entity <addsub32> in library <work> (Architecture <behavioral>).
Entity <addsub32> analyzed. Unit <addsub32> generated.

Analyzing Entity <adder32> in library <work> (Architecture <behavioral>).
Entity <adder32> analyzed. Unit <adder32> generated.


=========================================================================
*                           HDL Synthesis                               *
=========================================================================

Performing bidirectional port resolution...

Synthesizing Unit <adder32>.
    Related source file is "C:/Users/Hunar Khanna/Desktop/CG3207/VHDL/lab2/cg3207-project/adder32.vhd".
WARNING:Xst:653 - Signal <maxNegative> is used but never assigned. This sourceless signal will be automatically connected to value 10000000000000000000000000000000.
WARNING:Xst:646 - Signal <complementedAdd<30:0>> is assigned but never used. This unconnected signal will be trimmed during the optimization process.
    Found 32-bit adder for signal <complementedAdd$addsub0000> created at line 46.
    Found 32-bit adder for signal <complementedAdd$addsub0001> created at line 46.
    Found 32-bit adder for signal <complementedAdd$addsub0002> created at line 46.
    Found 32-bit adder for signal <interResult>.
    Summary:
	inferred   4 Adder/Subtractor(s).
Unit <adder32> synthesized.


Synthesizing Unit <addsub32>.
    Related source file is "C:/Users/Hunar Khanna/Desktop/CG3207/VHDL/lab2/cg3207-project/addsub32.vhd".
    Found 32-bit adder for signal <newOperand2$addsub0000> created at line 49.
    Summary:
	inferred   1 Adder/Subtractor(s).
Unit <addsub32> synthesized.


=========================================================================
HDL Synthesis Report

Macro Statistics
# Adders/Subtractors                                   : 5
 32-bit adder                                          : 5

=========================================================================

=========================================================================
*                       Advanced HDL Synthesis                          *
=========================================================================


=========================================================================
Advanced HDL Synthesis Report

Macro Statistics
# Adders/Subtractors                                   : 4
 32-bit adder                                          : 3
 32-bit adder carry in                                 : 1

=========================================================================

=========================================================================
*                         Low Level Synthesis                           *
=========================================================================

Optimizing unit <addsub32> ...

Optimizing unit <adder32> ...

Mapping all equations...
Building and optimizing final netlist ...
Found area constraint ratio of 100 (+ 5) on block addsub32, actual ratio is 3.

Final Macro Processing ...

=========================================================================
Final Register Report

Found no macro
=========================================================================

=========================================================================
*                           Partition Report                            *
=========================================================================

Partition Implementation Status
-------------------------------

  No Partitions were found in this design.

-------------------------------

=========================================================================
*                            Final Report                               *
=========================================================================
Final Results
RTL Top Level Output File Name     : addsub32.ngr
Top Level Output File Name         : addsub32
Output Format                      : NGC
Optimization Goal                  : Speed
Keep Hierarchy                     : No

Design Statistics
# IOs                              : 98

Cell Usage :
# BELS                             : 405
#      GND                         : 1
#      INV                         : 62
#      LUT1                        : 2
#      LUT2                        : 2
#      LUT3                        : 20
#      LUT4                        : 89
#      MUXCY                       : 124
#      MUXF5                       : 7
#      VCC                         : 1
#      XORCY                       : 97
# IO Buffers                       : 98
#      IBUF                        : 65
#      OBUF                        : 33
=========================================================================

Device utilization summary:
---------------------------

Selected Device : 3s400aft256-4 

 Number of Slices:                       90  out of   3584     2%  
 Number of 4 input LUTs:                175  out of   7168     2%  
 Number of IOs:                          98
 Number of bonded IOBs:                  98  out of    195    50%  

---------------------------
Partition Resource Summary:
---------------------------

  No Partitions were found in this design.

---------------------------


=========================================================================
TIMING REPORT

NOTE: THESE TIMING NUMBERS ARE ONLY A SYNTHESIS ESTIMATE.
      FOR ACCURATE TIMING INFORMATION PLEASE REFER TO THE TRACE REPORT
      GENERATED AFTER PLACE-and-ROUTE.

Clock Information:
------------------
No clock signals found in this design

Asynchronous Control Signals Information:
----------------------------------------
No asynchronous control signals found in this design

Timing Summary:
---------------
Speed Grade: -4

   Minimum period: No path found
   Minimum input arrival time before clock: No path found
   Maximum output required time after clock: No path found
   Maximum combinational path delay: 15.969ns

Timing Detail:
--------------
All values displayed in nanoseconds (ns)

=========================================================================
Timing constraint: Default path analysis
  Total number of paths / destination ports: 12655 / 33
-------------------------------------------------------------------------
Delay:               15.969ns (Levels of Logic = 31)
  Source:            operand2<0> (PAD)
  Destination:       overflow (PAD)

  Data Path: operand2<0> to overflow
                                Gate     Net
    Cell:in->out      fanout   Delay   Delay  Logical Name (Net Name)
    ----------------------------------------  ------------
     IBUF:I->O             4   0.849   0.730  operand2_0_IBUF (operand2_0_IBUF)
     LUT1:I0->O            1   0.648   0.000  Madd_newOperand2_addsub0000_cy<0>_rt (Madd_newOperand2_addsub0000_cy<0>_rt)
     MUXCY:S->O            1   0.632   0.000  Madd_newOperand2_addsub0000_cy<0> (Madd_newOperand2_addsub0000_cy<0>)
     MUXCY:CI->O           1   0.065   0.000  Madd_newOperand2_addsub0000_cy<1> (Madd_newOperand2_addsub0000_cy<1>)
     MUXCY:CI->O           1   0.065   0.000  Madd_newOperand2_addsub0000_cy<2> (Madd_newOperand2_addsub0000_cy<2>)
     MUXCY:CI->O           1   0.065   0.000  Madd_newOperand2_addsub0000_cy<3> (Madd_newOperand2_addsub0000_cy<3>)
     MUXCY:CI->O           1   0.065   0.000  Madd_newOperand2_addsub0000_cy<4> (Madd_newOperand2_addsub0000_cy<4>)
     MUXCY:CI->O           1   0.065   0.000  Madd_newOperand2_addsub0000_cy<5> (Madd_newOperand2_addsub0000_cy<5>)
     MUXCY:CI->O           1   0.065   0.000  Madd_newOperand2_addsub0000_cy<6> (Madd_newOperand2_addsub0000_cy<6>)
     MUXCY:CI->O           1   0.065   0.000  Madd_newOperand2_addsub0000_cy<7> (Madd_newOperand2_addsub0000_cy<7>)
     MUXCY:CI->O           1   0.065   0.000  Madd_newOperand2_addsub0000_cy<8> (Madd_newOperand2_addsub0000_cy<8>)
     MUXCY:CI->O           1   0.065   0.000  Madd_newOperand2_addsub0000_cy<9> (Madd_newOperand2_addsub0000_cy<9>)
     MUXCY:CI->O           1   0.065   0.000  Madd_newOperand2_addsub0000_cy<10> (Madd_newOperand2_addsub0000_cy<10>)
     MUXCY:CI->O           1   0.065   0.000  Madd_newOperand2_addsub0000_cy<11> (Madd_newOperand2_addsub0000_cy<11>)
     MUXCY:CI->O           1   0.065   0.000  Madd_newOperand2_addsub0000_cy<12> (Madd_newOperand2_addsub0000_cy<12>)
     MUXCY:CI->O           1   0.065   0.000  Madd_newOperand2_addsub0000_cy<13> (Madd_newOperand2_addsub0000_cy<13>)
     MUXCY:CI->O           1   0.065   0.000  Madd_newOperand2_addsub0000_cy<14> (Madd_newOperand2_addsub0000_cy<14>)
     MUXCY:CI->O           1   0.065   0.000  Madd_newOperand2_addsub0000_cy<15> (Madd_newOperand2_addsub0000_cy<15>)
     MUXCY:CI->O           1   0.065   0.000  Madd_newOperand2_addsub0000_cy<16> (Madd_newOperand2_addsub0000_cy<16>)
     MUXCY:CI->O           1   0.065   0.000  Madd_newOperand2_addsub0000_cy<17> (Madd_newOperand2_addsub0000_cy<17>)
     MUXCY:CI->O           1   0.065   0.000  Madd_newOperand2_addsub0000_cy<18> (Madd_newOperand2_addsub0000_cy<18>)
     MUXCY:CI->O           1   0.065   0.000  Madd_newOperand2_addsub0000_cy<19> (Madd_newOperand2_addsub0000_cy<19>)
     MUXCY:CI->O           1   0.065   0.000  Madd_newOperand2_addsub0000_cy<20> (Madd_newOperand2_addsub0000_cy<20>)
     XORCY:CI->O           3   0.844   0.611  Madd_newOperand2_addsub0000_xor<21> (newOperand2_addsub0000<21>)
     LUT3:I1->O            1   0.643   0.423  newOperand2<21>1 (newOperand2<21>)
     LUT4:I3->O            1   0.648   0.500  add_overflow106 (add_overflow106)
     LUT4:I1->O            1   0.643   0.563  add_overflow149 (add_overflow149)
     LUT4:I0->O            1   0.648   0.000  add_overflow500_SW01 (add_overflow500_SW0)
     MUXF5:I1->O           1   0.276   0.423  add_overflow500_SW0_f5 (N01)
     LUT4:I3->O            1   0.648   0.420  add_overflow500 (overflow_OBUF)
     OBUF:I->O                 4.520          overflow_OBUF (overflow)
    ----------------------------------------
    Total                     15.969ns (12.299ns logic, 3.670ns route)
                                       (77.0% logic, 23.0% route)

=========================================================================


Total REAL time to Xst completion: 4.00 secs
Total CPU time to Xst completion: 4.10 secs
 
--> 

Total memory usage is 242904 kilobytes

Number of errors   :    0 (   0 filtered)
Number of warnings :    2 (   0 filtered)
Number of infos    :    1 (   0 filtered)

