Release 13.2 - xst O.61xd (nt64)
Copyright (c) 1995-2011 Xilinx, Inc.  All rights reserved.
--> Parameter TMPDIR set to xst/projnav.tmp


Total REAL time to Xst completion: 0.00 secs
Total CPU time to Xst completion: 0.21 secs
 
--> Parameter xsthdpdir set to xst


Total REAL time to Xst completion: 0.00 secs
Total CPU time to Xst completion: 0.21 secs
 
--> Reading design: rom.prj

TABLE OF CONTENTS
  1) Synthesis Options Summary
  2) HDL Compilation
  3) Design Hierarchy Analysis
  4) HDL Analysis
  5) HDL Synthesis
     5.1) HDL Synthesis Report
  6) Advanced HDL Synthesis
     6.1) Advanced HDL Synthesis Report
  7) Low Level Synthesis
  8) Partition Report
  9) Final Report
	9.1) Device utilization summary
	9.2) Partition Resource Summary
	9.3) TIMING REPORT


=========================================================================
*                      Synthesis Options Summary                        *
=========================================================================
---- Source Parameters
Input File Name                    : "rom.prj"
Input Format                       : mixed
Ignore Synthesis Constraint File   : NO

---- Target Parameters
Output File Name                   : "rom"
Output Format                      : NGC
Target Device                      : xc3s400a-4-ft256

---- Source Options
Top Module Name                    : rom
Automatic FSM Extraction           : YES
FSM Encoding Algorithm             : Auto
Safe Implementation                : No
FSM Style                          : LUT
RAM Extraction                     : Yes
RAM Style                          : Auto
ROM Extraction                     : Yes
Mux Style                          : Auto
Decoder Extraction                 : YES
Priority Encoder Extraction        : Yes
Shift Register Extraction          : YES
Logical Shifter Extraction         : YES
XOR Collapsing                     : YES
ROM Style                          : Auto
Mux Extraction                     : Yes
Resource Sharing                   : YES
Asynchronous To Synchronous        : NO
Multiplier Style                   : Auto
Automatic Register Balancing       : No

---- Target Options
Add IO Buffers                     : YES
Global Maximum Fanout              : 500
Add Generic Clock Buffer(BUFG)     : 24
Register Duplication               : YES
Slice Packing                      : YES
Optimize Instantiated Primitives   : NO
Use Clock Enable                   : Yes
Use Synchronous Set                : Yes
Use Synchronous Reset              : Yes
Pack IO Registers into IOBs        : Auto
Equivalent register Removal        : YES

---- General Options
Optimization Goal                  : Speed
Optimization Effort                : 1
Keep Hierarchy                     : No
Netlist Hierarchy                  : As_Optimized
RTL Output                         : Yes
Global Optimization                : AllClockNets
Read Cores                         : YES
Write Timing Constraints           : NO
Cross Clock Analysis               : NO
Hierarchy Separator                : _
Bus Delimiter                      : <>
Case Specifier                     : Maintain
Slice Utilization Ratio            : 100
BRAM Utilization Ratio             : 100
Verilog 2001                       : YES
Auto BRAM Packing                  : NO
Slice Utilization Ratio Delta      : 5

---- Other Options
loop_iteration_limit               : 2048

=========================================================================


=========================================================================
*                          HDL Compilation                              *
=========================================================================
Compiling vhdl file "C:/Users/pc richard/Documents/CG3207/cg3207-project/utils.vhd" in Library work.
Architecture utils of Entity utils is up to date.
Compiling vhdl file "C:/Users/pc richard/Documents/CG3207/cg3207-project/rom.vhd" in Library work.
Architecture behavioral of Entity rom is up to date.

=========================================================================
*                     Design Hierarchy Analysis                         *
=========================================================================
Analyzing hierarchy for entity <rom> in library <work> (architecture <behavioral>).

INFO:Xst:2555 - '-hierarchy_separator' switch is being deprecated in a future release.

=========================================================================
*                            HDL Analysis                               *
=========================================================================
Analyzing Entity <rom> in library <work> (Architecture <behavioral>).
WARNING:Xst:790 - "C:/Users/pc richard/Documents/CG3207/cg3207-project/rom.vhd" line 64: Index value(s) does not match array range, simulation mismatch.
INFO:Xst:1433 - Contents of array <rom0> may be accessed with an index that exceeds the array size. This could cause simulation mismatch.
WARNING:Xst:790 - "C:/Users/pc richard/Documents/CG3207/cg3207-project/rom.vhd" line 64: Index value(s) does not match array range, simulation mismatch.
INFO:Xst:1433 - Contents of array <rom1> may be accessed with an index that exceeds the array size. This could cause simulation mismatch.
WARNING:Xst:790 - "C:/Users/pc richard/Documents/CG3207/cg3207-project/rom.vhd" line 64: Index value(s) does not match array range, simulation mismatch.
INFO:Xst:1433 - Contents of array <rom2> may be accessed with an index that exceeds the array size. This could cause simulation mismatch.
WARNING:Xst:790 - "C:/Users/pc richard/Documents/CG3207/cg3207-project/rom.vhd" line 64: Index value(s) does not match array range, simulation mismatch.
INFO:Xst:1433 - Contents of array <rom3> may be accessed with an index that exceeds the array size. This could cause simulation mismatch.
Entity <rom> analyzed. Unit <rom> generated.


=========================================================================
*                           HDL Synthesis                               *
=========================================================================

Performing bidirectional port resolution...

Synthesizing Unit <rom>.
    Related source file is "C:/Users/pc richard/Documents/CG3207/cg3207-project/rom.vhd".
WARNING:Xst:647 - Input <ADDR<31:20>> is never used. This port will be preserved and left unconnected if it belongs to a top-level block or it belongs to a sub-block and the hierarchy of this sub-block is preserved.
WARNING:Xst:647 - Input <EN> is never used. This port will be preserved and left unconnected if it belongs to a top-level block or it belongs to a sub-block and the hierarchy of this sub-block is preserved.
WARNING:Xst:1781 - Signal <rom3> is used but never assigned. Tied to default value.
WARNING:Xst:1781 - Signal <rom2> is used but never assigned. Tied to default value.
WARNING:Xst:1781 - Signal <rom1> is used but never assigned. Tied to default value.
WARNING:Xst:1781 - Signal <rom0> is used but never assigned. Tied to default value.
    Found 64x32-bit ROM for signal <rom0$rom0000>.
    Summary:
	inferred   1 ROM(s).
Unit <rom> synthesized.


=========================================================================
HDL Synthesis Report

Macro Statistics
# ROMs                                                 : 1
 64x32-bit ROM                                         : 1

=========================================================================

=========================================================================
*                       Advanced HDL Synthesis                          *
=========================================================================


=========================================================================
Advanced HDL Synthesis Report

Macro Statistics
# ROMs                                                 : 1
 64x32-bit ROM                                         : 1

=========================================================================

=========================================================================
*                         Low Level Synthesis                           *
=========================================================================

Optimizing unit <rom> ...

Mapping all equations...
Building and optimizing final netlist ...
Found area constraint ratio of 100 (+ 5) on block rom, actual ratio is 0.

Final Macro Processing ...

=========================================================================
Final Register Report

Found no macro
=========================================================================

=========================================================================
*                           Partition Report                            *
=========================================================================

Partition Implementation Status
-------------------------------

  No Partitions were found in this design.

-------------------------------

=========================================================================
*                            Final Report                               *
=========================================================================
Final Results
RTL Top Level Output File Name     : rom.ngr
Top Level Output File Name         : rom
Output Format                      : NGC
Optimization Goal                  : Speed
Keep Hierarchy                     : No

Design Statistics
# IOs                              : 65

Cell Usage :
# BELS                             : 16
#      GND                         : 1
#      LUT3                        : 4
#      LUT4                        : 11
# IO Buffers                       : 38
#      IBUF                        : 6
#      OBUF                        : 32
=========================================================================

Device utilization summary:
---------------------------

Selected Device : 3s400aft256-4 

 Number of Slices:                        8  out of   3584     0%  
 Number of 4 input LUTs:                 15  out of   7168     0%  
 Number of IOs:                          65
 Number of bonded IOBs:                  38  out of    195    19%  

---------------------------
Partition Resource Summary:
---------------------------

  No Partitions were found in this design.

---------------------------


=========================================================================
TIMING REPORT

NOTE: THESE TIMING NUMBERS ARE ONLY A SYNTHESIS ESTIMATE.
      FOR ACCURATE TIMING INFORMATION PLEASE REFER TO THE TRACE REPORT
      GENERATED AFTER PLACE-and-ROUTE.

Clock Information:
------------------
No clock signals found in this design

Asynchronous Control Signals Information:
----------------------------------------
No asynchronous control signals found in this design

Timing Summary:
---------------
Speed Grade: -4

   Minimum period: No path found
   Minimum input arrival time before clock: No path found
   Maximum output required time after clock: No path found
   Maximum combinational path delay: 8.946ns

Timing Detail:
--------------
All values displayed in nanoseconds (ns)

=========================================================================
Timing constraint: Default path analysis
  Total number of paths / destination ports: 109 / 20
-------------------------------------------------------------------------
Delay:               8.946ns (Levels of Logic = 4)
  Source:            ADDR<5> (PAD)
  Destination:       DATA<24> (PAD)

  Data Path: ADDR<5> to DATA<24>
                                Gate     Net
    Cell:in->out      fanout   Delay   Delay  Logical Name (Net Name)
    ----------------------------------------  ------------
     IBUF:I->O             2   0.849   0.590  ADDR_5_IBUF (ADDR_5_IBUF)
     LUT3:I0->O           13   0.648   1.063  Mrom_rom0_rom000051121 (N2)
     LUT3:I1->O            5   0.643   0.633  DATA<14>1 (DATA_14_OBUF)
     OBUF:I->O                 4.520          DATA_24_OBUF (DATA<24>)
    ----------------------------------------
    Total                      8.946ns (6.660ns logic, 2.286ns route)
                                       (74.4% logic, 25.6% route)

=========================================================================


Total REAL time to Xst completion: 13.00 secs
Total CPU time to Xst completion: 13.57 secs
 
--> 

Total memory usage is 246624 kilobytes

Number of errors   :    0 (   0 filtered)
Number of warnings :   10 (   0 filtered)
Number of infos    :    5 (   0 filtered)

